0 info it worked if it ends with ok
1 verbose cli [ '/usr/local/bin/node', '/usr/bin/npm', 'start' ]
2 info using npm@3.8.7
3 info using node@v4.2.1
4 verbose run-script [ 'prestart', 'start', 'poststart' ]
5 info lifecycle BattleMonsters@0.1.0~prestart: BattleMonsters@0.1.0
6 silly lifecycle BattleMonsters@0.1.0~prestart: no script for prestart, continuing
7 info lifecycle BattleMonsters@0.1.0~start: BattleMonsters@0.1.0
8 verbose lifecycle BattleMonsters@0.1.0~start: unsafe-perm in lifecycle true
9 verbose lifecycle BattleMonsters@0.1.0~start: PATH: /usr/lib/node_modules/npm/bin/node-gyp-bin:/var/www/battle-monsters/node_modules/.bin:/usr/local/bin:/home/cnormansell/.rvm/gems/ruby-2.2.1/bin:/home/cnormansell/.rvm/gems/ruby-2.2.1@global/bin:/home/cnormansell/.rvm/rubies/ruby-2.2.1/bin:/home/cnormansell/.phpbrew/php/php-5.6.13/bin::/usr/local/bin:/usr/local/sbin:/usr/bin:/usr/sbin:/bin:/sbin:/home/cnormansell/.local/bin:/home/cnormansell/bin:/home/cnormansell/.composer/vendor/bin:/opt/IntelliJ/bin:/home/cnormansell/.rvm/bin:/home/cnormansell/.rvm/bin
10 verbose lifecycle BattleMonsters@0.1.0~start: CWD: /var/www/battle-monsters
11 silly lifecycle BattleMonsters@0.1.0~start: Args: [ '-c', 'http-server -a localhost -p 3000' ]
12 silly lifecycle BattleMonsters@0.1.0~start: Returned: code: 1  signal: null
13 info lifecycle BattleMonsters@0.1.0~start: Failed to exec start script
14 verbose stack Error: BattleMonsters@0.1.0 start: `http-server -a localhost -p 3000`
14 verbose stack Exit status 1
14 verbose stack     at EventEmitter.<anonymous> (/usr/lib/node_modules/npm/lib/utils/lifecycle.js:244:16)
14 verbose stack     at emitTwo (events.js:87:13)
14 verbose stack     at EventEmitter.emit (events.js:172:7)
14 verbose stack     at ChildProcess.<anonymous> (/usr/lib/node_modules/npm/lib/utils/spawn.js:24:14)
14 verbose stack     at emitTwo (events.js:87:13)
14 verbose stack     at ChildProcess.emit (events.js:172:7)
14 verbose stack     at maybeClose (internal/child_process.js:818:16)
14 verbose stack     at Process.ChildProcess._handle.onexit (internal/child_process.js:211:5)
15 verbose pkgid BattleMonsters@0.1.0
16 verbose cwd /var/www/battle-monsters
17 error Linux 4.4.7-300.fc23.x86_64
18 error argv "/usr/local/bin/node" "/usr/bin/npm" "start"
19 error node v4.2.1
20 error npm  v3.8.7
21 error code ELIFECYCLE
22 error BattleMonsters@0.1.0 start: `http-server -a localhost -p 3000`
22 error Exit status 1
23 error Failed at the BattleMonsters@0.1.0 start script 'http-server -a localhost -p 3000'.
23 error Make sure you have the latest version of node.js and npm installed.
23 error If you do, this is most likely a problem with the BattleMonsters package,
23 error not with npm itself.
23 error Tell the author that this fails on your system:
23 error     http-server -a localhost -p 3000
23 error You can get information on how to open an issue for this project with:
23 error     npm bugs BattleMonsters
23 error Or if that isn't available, you can get their info via:
23 error     npm owner ls BattleMonsters
23 error There is likely additional logging output above.
24 verbose exit [ 1, true ]
